<?xml version="1.0" encoding="UTF-8"?>
<!-- Generated by org.testng.reporters.JUnitXMLReporter -->
<testsuite ignored="0" hostname="DESKTOP-18OKU31" failures="1" tests="1" name="Test1" time="12.057" errors="0" timestamp="12 Jan 2021 17:20:23 GMT">
  <testcase classname="TestClass.App" name="Test" time="12.021">
    <failure type="java.lang.NullPointerException">
      <![CDATA[java.lang.NullPointerException
at pageClasses.Home.setZipCode(Home.java:27)
at TestClass.App.Test(App.java:50)
at java.base/java.util.concurrent.FutureTask.run(FutureTask.java:264)
at java.base/java.util.concurrent.ThreadPoolExecutor.runWorker(ThreadPoolExecutor.java:1130)
at java.base/java.util.concurrent.ThreadPoolExecutor$Worker.run(ThreadPoolExecutor.java:630)
at java.base/java.lang.Thread.run(Thread.java:832)
... Removed 16 stack frames]]>
    </failure>
  </testcase> <!-- Test -->
</testsuite> <!-- Test1 -->
