<?xml version="1.0" encoding="UTF-8"?>
<testsuite name="TestSuite" time="12.034" tests="1" errors="0" skipped="0" failures="1">
  <properties>
[...]
</properties>
  <testcase name="Test" classname="TestClass.App" time="12.034">
    <failure type="java.lang.NullPointerException:">java.lang.NullPointerException: null
	at pageClasses.Home.setZipCode(Home.java:27)
	at TestClass.App.Test(App.java:50)
</failure>
    <system-err><![CDATA[Jan 12, 2021 10:50:11 PM org.openqa.selenium.remote.DesiredCapabilities chrome
INFO: Using `new ChromeOptions()` is preferred to `DesiredCapabilities.chrome()`
Jan 12, 2021 10:50:17 PM org.openqa.selenium.remote.ProtocolHandshake createSession
INFO: Detected dialect: W3C
]]></system-err>
  </testcase>
</testsuite>