-------------------------------------------------------------------------------
Test set: TestSuite
-------------------------------------------------------------------------------
Tests run: 1, Failures: 1, Errors: 0, Skipped: 0, Time elapsed: 12.965 sec <<< FAILURE! - in TestSuite
Test(TestClass.App)  Time elapsed: 12.034 sec  <<< FAILURE!
java.lang.NullPointerException: null
	at pageClasses.Home.setZipCode(Home.java:27)
	at TestClass.App.Test(App.java:50)

