<?xml version="1.0" encoding="UTF-8"?>
<testng-results ignored="0" total="1" passed="1" failed="0" skipped="0">
  <reporter-output>
  </reporter-output>
  <suite started-at="2021-01-22T14:36:04 IST" name="Default suite" finished-at="2021-01-22T14:36:40 IST" duration-ms="35985">
    <groups>
    </groups>
    <test started-at="2021-01-22T14:36:04 IST" name="Default test" finished-at="2021-01-22T14:36:40 IST" duration-ms="35985">
      <class name="TestClass.Test2">
        <test-method is-config="true" signature="Initial()[pri:0, instance:TestClass.Test2@f79e]" started-at="2021-01-22T14:35:45 IST" name="Initial" finished-at="2021-01-22T14:36:04 IST" duration-ms="18734" status="PASS">
          <reporter-output>
          </reporter-output>
        </test-method> <!-- Initial -->
        <test-method signature="Test1(java.lang.String, java.lang.String, java.lang.String, java.lang.String, java.lang.String, java.lang.String, java.lang.String, java.lang.String, java.lang.String, java.lang.String, java.lang.String, java.lang.String, java.lang.String, java.lang.String, java.lang.String, java.lang.String, java.lang.String, java.lang.String, java.lang.String, java.lang.String, java.lang.String, java.lang.String, java.lang.String, java.lang.String, java.lang.String, java.lang.String, java.lang.String, java.lang.String, java.lang.String, java.lang.String, java.lang.String, java.lang.String, java.lang.String, java.lang.String, java.lang.String)[pri:1, instance:TestClass.Test2@f79e]" started-at="2021-01-22T14:36:05 IST" name="Test1" data-provider="Test1" finished-at="2021-01-22T14:36:40 IST" duration-ms="34939" status="PASS">
          <params>
            <param index="0">
              <value>
                <![CDATA[03820]]>
              </value>
            </param>
            <param index="1">
              <value>
                <![CDATA[Prashant]]>
              </value>
            </param>
            <param index="2">
              <value>
                <![CDATA[Dhar]]>
              </value>
            </param>
            <param index="3">
              <value>
                <![CDATA[01-Jan-1986]]>
              </value>
            </param>
            <param index="4">
              <value>
                <![CDATA[House No. 11]]>
              </value>
            </param>
            <param index="5">
              <value>
                <![CDATA[Park street]]>
              </value>
            </param>
            <param index="6">
              <value>
                <![CDATA[Yes]]>
              </value>
            </param>
            <param index="7">
              <value>
                <![CDATA[prashant.dhar2016@abc.com]]>
              </value>
            </param>
            <param index="8">
              <value>
                <![CDATA[5TDDK3DC6ES077574]]>
              </value>
            </param>
            <param index="9">
              <value>
                <![CDATA[full paid]]>
              </value>
            </param>
            <param index="10">
              <value>
                <![CDATA[Yes]]>
              </value>
            </param>
            <param index="11">
              <value>
                <![CDATA[House Number 11]]>
              </value>
            </param>
            <param index="12">
              <value>
                <![CDATA[]]>
              </value>
            </param>
            <param index="13">
              <value>
                <![CDATA[3820.0]]>
              </value>
            </param>
            <param index="14">
              <value>
                <![CDATA[]]>
              </value>
            </param>
            <param index="15">
              <value>
                <![CDATA[yes]]>
              </value>
            </param>
            <param index="16">
              <value>
                <![CDATA[male]]>
              </value>
            </param>
            <param index="17">
              <value>
                <![CDATA[16.0]]>
              </value>
            </param>
            <param index="18">
              <value>
                <![CDATA[yes]]>
              </value>
            </param>
            <param index="19">
              <value>
                <![CDATA[9.87654321E9]]>
              </value>
            </param>
            <param index="20">
              <value>
                <![CDATA[Yes]]>
              </value>
            </param>
            <param index="21">
              <value>
                <![CDATA[Auto]]>
              </value>
            </param>
            <param index="22">
              <value>
                <![CDATA[employed]]>
              </value>
            </param>
            <param index="23">
              <value>
                <![CDATA[highschool]]>
              </value>
            </param>
            <param index="24">
              <value>
                <![CDATA[single]]>
              </value>
            </param>
            <param index="25">
              <value>
                <![CDATA[Yes]]>
              </value>
            </param>
            <param index="26">
              <value>
                <![CDATA[iphone]]>
              </value>
            </param>
            <param index="27">
              <value>
                <![CDATA[Yes]]>
              </value>
            </param>
            <param index="28">
              <value>
                <![CDATA[1.231231231E9]]>
              </value>
            </param>
            <param index="29">
              <value>
                <![CDATA[no]]>
              </value>
            </param>
            <param index="30">
              <value>
                <![CDATA[no]]>
              </value>
            </param>
            <param index="31">
              <value>
                <![CDATA[]]>
              </value>
            </param>
            <param index="32">
              <value>
                <![CDATA[other]]>
              </value>
            </param>
            <param index="33">
              <value>
                <![CDATA[asasasasas]]>
              </value>
            </param>
            <param index="34">
              <value>
                <![CDATA[25-Jan-2021]]>
              </value>
            </param>
          </params>
          <reporter-output>
          </reporter-output>
        </test-method> <!-- Test1 -->
        <test-method is-config="true" signature="afterSuit()[pri:0, instance:TestClass.Test2@f79e]" started-at="2021-01-22T14:36:40 IST" name="afterSuit" finished-at="2021-01-22T14:36:40 IST" duration-ms="11" status="FAIL">
          <exception class="java.lang.NullPointerException">
            <full-stacktrace>
              <![CDATA[java.lang.NullPointerException
at TestClass.Test2.afterSuit(Test2.java:331)
at java.base/jdk.internal.reflect.NativeMethodAccessorImpl.invoke0(Native Method)
at java.base/jdk.internal.reflect.NativeMethodAccessorImpl.invoke(NativeMethodAccessorImpl.java:62)
at java.base/jdk.internal.reflect.DelegatingMethodAccessorImpl.invoke(DelegatingMethodAccessorImpl.java:43)
at java.base/java.lang.reflect.Method.invoke(Method.java:564)
at org.testng.internal.MethodInvocationHelper.invokeMethod(MethodInvocationHelper.java:132)
at org.testng.internal.MethodInvocationHelper.invokeMethodConsideringTimeout(MethodInvocationHelper.java:61)
at org.testng.internal.ConfigInvoker.invokeConfigurationMethod(ConfigInvoker.java:366)
at org.testng.internal.ConfigInvoker.invokeConfigurations(ConfigInvoker.java:320)
at org.testng.SuiteRunner.privateRun(SuiteRunner.java:351)
at org.testng.SuiteRunner.run(SuiteRunner.java:286)
at org.testng.SuiteRunnerWorker.runSuite(SuiteRunnerWorker.java:53)
at org.testng.SuiteRunnerWorker.run(SuiteRunnerWorker.java:96)
at org.testng.TestNG.runSuitesSequentially(TestNG.java:1218)
at org.testng.TestNG.runSuitesLocally(TestNG.java:1140)
at org.testng.TestNG.runSuites(TestNG.java:1069)
at org.testng.TestNG.run(TestNG.java:1037)
at org.testng.remote.AbstractRemoteTestNG.run(AbstractRemoteTestNG.java:115)
at org.testng.remote.RemoteTestNG.initAndRun(RemoteTestNG.java:251)
at org.testng.remote.RemoteTestNG.main(RemoteTestNG.java:77)
]]>
            </full-stacktrace>
          </exception> <!-- java.lang.NullPointerException -->
          <reporter-output>
          </reporter-output>
        </test-method> <!-- afterSuit -->
      </class> <!-- TestClass.Test2 -->
    </test> <!-- Default test -->
  </suite> <!-- Default suite -->
</testng-results>
